This file contains any messages produced by compilers while
running configure, to aid debugging if configure makes a mistake.

It was created by silix configure 1.2.11, which was
generated by GNU Autoconf 2.69.  Invocation command line was

  $ ./configure 

## --------- ##
## Platform. ##
## --------- ##

hostname = ohif01m003.dmawi.de
uname -m = x86_64
uname -r = 20.5.0
uname -s = Darwin
uname -v = Darwin Kernel Version 20.5.0: Sat May  8 05:10:33 PDT 2021; root:xnu-7195.121.3~9/RELEASE_X86_64

/usr/bin/uname -p = i386
/bin/uname -X     = unknown

/bin/arch              = unknown
/usr/bin/arch -k       = unknown
/usr/convex/getsysinfo = unknown
/usr/bin/hostinfo      = Mach kernel version:
	 Darwin Kernel Version 20.5.0: Sat May  8 05:10:33 PDT 2021; root:xnu-7195.121.3~9/RELEASE_X86_64
Kernel configured for up to 4 processors.
2 processors are physically available.
4 processors are logically available.
Processor type: x86_64h (Intel x86-64h Haswell)
Processors active: 0 1 2 3
Primary memory available: 16.00 gigabytes
Default processor set: 560 tasks, 2471 threads, 4 processors
Load average: 2.84, Mach factor: 1.40
/bin/machine           = unknown
/usr/bin/oslevel       = unknown
/bin/universe          = unknown

PATH: /usr/local/bin
PATH: /usr/bin
PATH: /bin
PATH: /usr/sbin
PATH: /sbin
PATH: /Library/TeX/texbin
PATH: /usr/local/munki
PATH: /opt/X11/bin
PATH: /Library/Apple/usr/bin
PATH: /Users/swohlrab/scripts
PATH: /usr/local/mysql/bin


## ----------- ##
## Core tests. ##
## ----------- ##

configure:2444: checking for a BSD-compatible install
configure:2512: result: /usr/local/bin/ginstall -c
configure:2523: checking whether build environment is sane
configure:2578: result: yes
configure:2729: checking for a thread-safe mkdir -p
configure:2768: result: /usr/local/bin/gmkdir -p
configure:2775: checking for gawk
configure:2805: result: no
configure:2775: checking for mawk
configure:2805: result: no
configure:2775: checking for nawk
configure:2805: result: no
configure:2775: checking for awk
configure:2791: found /usr/bin/awk
configure:2802: result: awk
configure:2813: checking whether make sets $(MAKE)
configure:2835: result: yes
configure:2864: checking whether make supports nested variables
configure:2881: result: yes
configure:3071: checking for g++
configure:3087: found /usr/bin/g++
configure:3098: result: g++
configure:3125: checking for C++ compiler version
configure:3134: g++ --version >&5
Apple clang version 12.0.5 (clang-1205.0.22.9)
Target: x86_64-apple-darwin20.5.0
Thread model: posix
InstalledDir: /Library/Developer/CommandLineTools/usr/bin
Configured with: --prefix=/Library/Developer/CommandLineTools/usr --with-gxx-include-dir=/Library/Developer/CommandLineTools/SDKs/MacOSX.sdk/usr/include/c++/4.2.1
configure:3145: $? = 0
configure:3134: g++ -v >&5
Configured with: --prefix=/Library/Developer/CommandLineTools/usr --with-gxx-include-dir=/Library/Developer/CommandLineTools/SDKs/MacOSX.sdk/usr/include/c++/4.2.1
Apple clang version 12.0.5 (clang-1205.0.22.9)
Target: x86_64-apple-darwin20.5.0
Thread model: posix
InstalledDir: /Library/Developer/CommandLineTools/usr/bin
configure:3145: $? = 0
configure:3134: g++ -V >&5
clang: error: argument to '-V' is missing (expected 1 value)
clang: error: no input files
configure:3145: $? = 1
configure:3134: g++ -qversion >&5
clang: error: unknown argument '-qversion'; did you mean '--version'?
clang: error: no input files
configure:3145: $? = 1
configure:3165: checking whether the C++ compiler works
configure:3187: g++    conftest.cpp  >&5
configure:3191: $? = 0
configure:3239: result: yes
configure:3242: checking for C++ compiler default output file name
configure:3244: result: a.out
configure:3250: checking for suffix of executables
configure:3257: g++ -o conftest    conftest.cpp  >&5
configure:3261: $? = 0
configure:3283: result: 
configure:3305: checking whether we are cross compiling
configure:3313: g++ -o conftest    conftest.cpp  >&5
configure:3317: $? = 0
configure:3324: ./conftest
configure:3328: $? = 0
configure:3343: result: no
configure:3348: checking for suffix of object files
configure:3370: g++ -c   conftest.cpp >&5
configure:3374: $? = 0
configure:3395: result: o
configure:3399: checking whether we are using the GNU C++ compiler
configure:3418: g++ -c   conftest.cpp >&5
configure:3418: $? = 0
configure:3427: result: yes
configure:3436: checking whether g++ accepts -g
configure:3456: g++ -c -g  conftest.cpp >&5
configure:3456: $? = 0
configure:3497: result: yes
configure:3531: checking for style of include used by make
configure:3559: result: GNU
configure:3585: checking dependency style of g++
configure:3696: result: gcc3
configure:3759: checking for gcc
configure:3775: found /usr/bin/gcc
configure:3786: result: gcc
configure:4015: checking for C compiler version
configure:4024: gcc --version >&5
Apple clang version 12.0.5 (clang-1205.0.22.9)
Target: x86_64-apple-darwin20.5.0
Thread model: posix
InstalledDir: /Library/Developer/CommandLineTools/usr/bin
Configured with: --prefix=/Library/Developer/CommandLineTools/usr --with-gxx-include-dir=/Library/Developer/CommandLineTools/SDKs/MacOSX.sdk/usr/include/c++/4.2.1
configure:4035: $? = 0
configure:4024: gcc -v >&5
Configured with: --prefix=/Library/Developer/CommandLineTools/usr --with-gxx-include-dir=/Library/Developer/CommandLineTools/SDKs/MacOSX.sdk/usr/include/c++/4.2.1
Apple clang version 12.0.5 (clang-1205.0.22.9)
Target: x86_64-apple-darwin20.5.0
Thread model: posix
InstalledDir: /Library/Developer/CommandLineTools/usr/bin
configure:4035: $? = 0
configure:4024: gcc -V >&5
clang: error: argument to '-V' is missing (expected 1 value)
clang: error: no input files
configure:4035: $? = 1
configure:4024: gcc -qversion >&5
clang: error: unknown argument '-qversion'; did you mean '--version'?
clang: error: no input files
configure:4035: $? = 1
configure:4039: checking whether we are using the GNU C compiler
configure:4058: gcc -c   conftest.c >&5
configure:4058: $? = 0
configure:4067: result: yes
configure:4076: checking whether gcc accepts -g
configure:4096: gcc -c -g  conftest.c >&5
configure:4096: $? = 0
configure:4137: result: yes
configure:4154: checking for gcc option to accept ISO C89
configure:4217: gcc  -c -g -O2  conftest.c >&5
configure:4217: $? = 0
configure:4230: result: none needed
configure:4255: checking whether gcc understands -c and -o together
configure:4277: gcc -c conftest.c -o conftest2.o
configure:4280: $? = 0
configure:4277: gcc -c conftest.c -o conftest2.o
configure:4280: $? = 0
configure:4292: result: yes
configure:4311: checking dependency style of gcc
configure:4422: result: gcc3
configure:4466: checking build system type
configure:4480: result: x86_64-apple-darwin20.5.0
configure:4500: checking host system type
configure:4513: result: x86_64-apple-darwin20.5.0
configure:4554: checking how to print strings
configure:4581: result: printf
configure:4602: checking for a sed that does not truncate output
configure:4666: result: /usr/bin/sed
configure:4684: checking for grep that handles long lines and -e
configure:4742: result: /usr/bin/grep
configure:4747: checking for egrep
configure:4809: result: /usr/bin/grep -E
configure:4814: checking for fgrep
configure:4876: result: /usr/bin/grep -F
configure:4911: checking for ld used by gcc
configure:4978: result: /Library/Developer/CommandLineTools/usr/bin/ld
configure:4985: checking if the linker (/Library/Developer/CommandLineTools/usr/bin/ld) is GNU ld
configure:5000: result: no
configure:5012: checking for BSD- or MS-compatible name lister (nm)
configure:5066: result: /usr/bin/nm -B
configure:5196: checking the name lister (/usr/bin/nm -B) interface
configure:5203: gcc -c -g -O2  conftest.c >&5
configure:5206: /usr/bin/nm -B "conftest.o"
configure:5209: output
0000000000000218 S _some_variable
configure:5216: result: BSD nm
configure:5219: checking whether ln -s works
configure:5223: result: yes
configure:5231: checking the maximum length of command line arguments
configure:5362: result: 786432
configure:5410: checking how to convert x86_64-apple-darwin20.5.0 file names to x86_64-apple-darwin20.5.0 format
configure:5450: result: func_convert_file_noop
configure:5457: checking how to convert x86_64-apple-darwin20.5.0 file names to toolchain format
configure:5477: result: func_convert_file_noop
configure:5484: checking for /Library/Developer/CommandLineTools/usr/bin/ld option to reload object files
configure:5491: result: -r
configure:5565: checking for objdump
configure:5581: found /usr/bin/objdump
configure:5592: result: objdump
configure:5624: checking how to recognize dependent libraries
configure:5824: result: pass_all
configure:5909: checking for dlltool
configure:5939: result: no
configure:5969: checking how to associate runtime and link libraries
configure:5996: result: printf %s\n
configure:6057: checking for ar
configure:6073: found /usr/bin/ar
configure:6084: result: ar
configure:6121: checking for archiver @FILE support
configure:6138: gcc -c -g -O2  conftest.c >&5
configure:6138: $? = 0
configure:6141: ar cru libconftest.a @conftest.lst >&5
ar: @conftest.lst: No such file or directory
configure:6144: $? = 1
configure:6164: result: no
configure:6222: checking for strip
configure:6238: found /usr/bin/strip
configure:6249: result: strip
configure:6321: checking for ranlib
configure:6337: found /usr/bin/ranlib
configure:6348: result: ranlib
configure:6450: checking command to parse /usr/bin/nm -B output from gcc object
configure:6603: gcc -c -g -O2  conftest.c >&5
configure:6606: $? = 0
configure:6610: /usr/bin/nm -B conftest.o \| sed -n -e 's/^.*[ ]\([BCDEGRST][BCDEGRST]*\)[ ][ ]*\([_A-Za-z][_A-Za-z0-9]*\)$/\1 \2 \2/p' | sed '/ __gnu_lto/d' \> conftest.nm
configure:6613: $? = 0
cannot find nm_test_var in conftest.nm
configure:6603: gcc -c -g -O2  conftest.c >&5
configure:6606: $? = 0
configure:6610: /usr/bin/nm -B conftest.o \| sed -n -e 's/^.*[ ]\([BCDEGRST][BCDEGRST]*\)[ ][ ]*_\([_A-Za-z][_A-Za-z0-9]*\)$/\1 _\2 \2/p' | sed '/ __gnu_lto/d' \> conftest.nm
configure:6613: $? = 0
configure:6679: gcc -o conftest -g -O2   conftest.c conftstm.o >&5
warning: (x86_64)  could not find object file symbol for symbol _main
configure:6682: $? = 0
configure:6720: result: ok
configure:6767: checking for sysroot
configure:6797: result: no
configure:6804: checking for a working dd
configure:6842: result: /bin/dd
configure:6846: checking how to truncate binary pipes
configure:6861: result: /bin/dd bs=4096 count=1
configure:7190: checking for mt
configure:7220: result: no
configure:7240: checking if : is a manifest tool
configure:7246: : '-?'
configure:7254: result: no
configure:7310: checking for dsymutil
configure:7326: found /usr/bin/dsymutil
configure:7337: result: dsymutil
configure:7402: checking for nmedit
configure:7418: found /usr/bin/nmedit
configure:7429: result: nmedit
configure:7494: checking for lipo
configure:7510: found /usr/bin/lipo
configure:7521: result: lipo
configure:7586: checking for otool
configure:7602: found /usr/bin/otool
configure:7613: result: otool
configure:7678: checking for otool64
configure:7708: result: no
configure:7753: checking for -single_module linker flag
gcc -g -O2  -o libconftest.dylib -dynamiclib -Wl,-single_module conftest.c
configure:7786: result: yes
configure:7789: checking for -exported_symbols_list linker flag
configure:7809: gcc -o conftest -g -O2   -Wl,-exported_symbols_list,conftest.sym conftest.c  >&5
configure:7809: $? = 0
configure:7819: result: yes
configure:7822: checking for -force_load linker flag
gcc -g -O2 -c -o conftest.o conftest.c
ar cru libconftest.a conftest.o
ranlib libconftest.a
gcc -g -O2  -o conftest conftest.c -Wl,-force_load,./libconftest.a
configure:7854: result: yes
configure:7931: checking how to run the C preprocessor
configure:7962: gcc -E  conftest.c
configure:7962: $? = 0
configure:7976: gcc -E  conftest.c
conftest.c:11:10: fatal error: 'ac_nonexistent.h' file not found
#include <ac_nonexistent.h>
         ^~~~~~~~~~~~~~~~~~
1 error generated.
configure:7976: $? = 1
configure: failed program was:
| /* confdefs.h */
| #define PACKAGE_NAME "silix"
| #define PACKAGE_TARNAME "silix"
| #define PACKAGE_VERSION "1.2.11"
| #define PACKAGE_STRING "silix 1.2.11"
| #define PACKAGE_BUGREPORT ""
| #define PACKAGE_URL ""
| #define PACKAGE "silix"
| #define VERSION "1.2.11"
| /* end confdefs.h.  */
| #include <ac_nonexistent.h>
configure:8001: result: gcc -E
configure:8021: gcc -E  conftest.c
configure:8021: $? = 0
configure:8035: gcc -E  conftest.c
conftest.c:11:10: fatal error: 'ac_nonexistent.h' file not found
#include <ac_nonexistent.h>
         ^~~~~~~~~~~~~~~~~~
1 error generated.
configure:8035: $? = 1
configure: failed program was:
| /* confdefs.h */
| #define PACKAGE_NAME "silix"
| #define PACKAGE_TARNAME "silix"
| #define PACKAGE_VERSION "1.2.11"
| #define PACKAGE_STRING "silix 1.2.11"
| #define PACKAGE_BUGREPORT ""
| #define PACKAGE_URL ""
| #define PACKAGE "silix"
| #define VERSION "1.2.11"
| /* end confdefs.h.  */
| #include <ac_nonexistent.h>
configure:8064: checking for ANSI C header files
configure:8084: gcc -c -g -O2  conftest.c >&5
configure:8084: $? = 0
configure:8157: gcc -o conftest -g -O2   conftest.c  >&5
configure:8157: $? = 0
configure:8157: ./conftest
configure:8157: $? = 0
configure:8168: result: yes
configure:8181: checking for sys/types.h
configure:8181: gcc -c -g -O2  conftest.c >&5
configure:8181: $? = 0
configure:8181: result: yes
configure:8181: checking for sys/stat.h
configure:8181: gcc -c -g -O2  conftest.c >&5
configure:8181: $? = 0
configure:8181: result: yes
configure:8181: checking for stdlib.h
configure:8181: gcc -c -g -O2  conftest.c >&5
configure:8181: $? = 0
configure:8181: result: yes
configure:8181: checking for string.h
configure:8181: gcc -c -g -O2  conftest.c >&5
configure:8181: $? = 0
configure:8181: result: yes
configure:8181: checking for memory.h
configure:8181: gcc -c -g -O2  conftest.c >&5
configure:8181: $? = 0
configure:8181: result: yes
configure:8181: checking for strings.h
configure:8181: gcc -c -g -O2  conftest.c >&5
configure:8181: $? = 0
configure:8181: result: yes
configure:8181: checking for inttypes.h
configure:8181: gcc -c -g -O2  conftest.c >&5
configure:8181: $? = 0
configure:8181: result: yes
configure:8181: checking for stdint.h
configure:8181: gcc -c -g -O2  conftest.c >&5
configure:8181: $? = 0
configure:8181: result: yes
configure:8181: checking for unistd.h
configure:8181: gcc -c -g -O2  conftest.c >&5
configure:8181: $? = 0
configure:8181: result: yes
configure:8195: checking for dlfcn.h
configure:8195: gcc -c -g -O2  conftest.c >&5
configure:8195: $? = 0
configure:8195: result: yes
configure:8462: checking for objdir
configure:8477: result: .libs
configure:8741: checking if gcc supports -fno-rtti -fno-exceptions
configure:8759: gcc -c -g -O2  -fno-rtti -fno-exceptions conftest.c >&5
configure:8763: $? = 0
configure:8776: result: yes
configure:9134: checking for gcc option to produce PIC
configure:9141: result: -fno-common -DPIC
configure:9149: checking if gcc PIC flag -fno-common -DPIC works
configure:9167: gcc -c -g -O2  -fno-common -DPIC -DPIC conftest.c >&5
configure:9171: $? = 0
configure:9184: result: yes
configure:9213: checking if gcc static flag -static works
configure:9241: result: no
configure:9256: checking if gcc supports -c -o file.o
configure:9277: gcc -c -g -O2  -o out/conftest2.o conftest.c >&5
configure:9281: $? = 0
configure:9303: result: yes
configure:9311: checking if gcc supports -c -o file.o
configure:9358: result: yes
configure:9391: checking whether the gcc linker (/Library/Developer/CommandLineTools/usr/bin/ld) supports shared libraries
configure:10650: result: yes
configure:10890: checking dynamic linker characteristics
configure:11708: result: darwin20.5.0 dyld
configure:11830: checking how to hardcode library paths into programs
configure:11855: result: immediate
configure:12403: checking whether stripping libraries is possible
configure:12417: result: yes
configure:12443: checking if libtool supports shared libraries
configure:12445: result: yes
configure:12448: checking whether to build shared libraries
configure:12473: result: yes
configure:12476: checking whether to build static libraries
configure:12480: result: yes
configure:12503: checking how to run the C++ preprocessor
configure:12530: g++ -E  conftest.cpp
configure:12530: $? = 0
configure:12544: g++ -E  conftest.cpp
conftest.cpp:23:10: fatal error: 'ac_nonexistent.h' file not found
#include <ac_nonexistent.h>
         ^~~~~~~~~~~~~~~~~~
1 error generated.
configure:12544: $? = 1
configure: failed program was:
| /* confdefs.h */
| #define PACKAGE_NAME "silix"
| #define PACKAGE_TARNAME "silix"
| #define PACKAGE_VERSION "1.2.11"
| #define PACKAGE_STRING "silix 1.2.11"
| #define PACKAGE_BUGREPORT ""
| #define PACKAGE_URL ""
| #define PACKAGE "silix"
| #define VERSION "1.2.11"
| #define STDC_HEADERS 1
| #define HAVE_SYS_TYPES_H 1
| #define HAVE_SYS_STAT_H 1
| #define HAVE_STDLIB_H 1
| #define HAVE_STRING_H 1
| #define HAVE_MEMORY_H 1
| #define HAVE_STRINGS_H 1
| #define HAVE_INTTYPES_H 1
| #define HAVE_STDINT_H 1
| #define HAVE_UNISTD_H 1
| #define HAVE_DLFCN_H 1
| #define LT_OBJDIR ".libs/"
| /* end confdefs.h.  */
| #include <ac_nonexistent.h>
configure:12569: result: g++ -E
configure:12589: g++ -E  conftest.cpp
configure:12589: $? = 0
configure:12603: g++ -E  conftest.cpp
conftest.cpp:23:10: fatal error: 'ac_nonexistent.h' file not found
#include <ac_nonexistent.h>
         ^~~~~~~~~~~~~~~~~~
1 error generated.
configure:12603: $? = 1
configure: failed program was:
| /* confdefs.h */
| #define PACKAGE_NAME "silix"
| #define PACKAGE_TARNAME "silix"
| #define PACKAGE_VERSION "1.2.11"
| #define PACKAGE_STRING "silix 1.2.11"
| #define PACKAGE_BUGREPORT ""
| #define PACKAGE_URL ""
| #define PACKAGE "silix"
| #define VERSION "1.2.11"
| #define STDC_HEADERS 1
| #define HAVE_SYS_TYPES_H 1
| #define HAVE_SYS_STAT_H 1
| #define HAVE_STDLIB_H 1
| #define HAVE_STRING_H 1
| #define HAVE_MEMORY_H 1
| #define HAVE_STRINGS_H 1
| #define HAVE_INTTYPES_H 1
| #define HAVE_STDINT_H 1
| #define HAVE_UNISTD_H 1
| #define HAVE_DLFCN_H 1
| #define LT_OBJDIR ".libs/"
| /* end confdefs.h.  */
| #include <ac_nonexistent.h>
configure:12765: checking for ld used by g++
configure:12832: result: /Library/Developer/CommandLineTools/usr/bin/ld
configure:12839: checking if the linker (/Library/Developer/CommandLineTools/usr/bin/ld) is GNU ld
configure:12854: result: no
configure:12909: checking whether the g++ linker (/Library/Developer/CommandLineTools/usr/bin/ld) supports shared libraries
configure:13982: result: yes
configure:14018: g++ -c -g -O2  conftest.cpp >&5
configure:14021: $? = 0
configure:14502: checking for g++ option to produce PIC
configure:14509: result: -fno-common -DPIC
configure:14517: checking if g++ PIC flag -fno-common -DPIC works
configure:14535: g++ -c -g -O2  -fno-common -DPIC -DPIC conftest.cpp >&5
configure:14539: $? = 0
configure:14552: result: yes
configure:14575: checking if g++ static flag -static works
configure:14603: result: no
configure:14615: checking if g++ supports -c -o file.o
configure:14636: g++ -c -g -O2  -o out/conftest2.o conftest.cpp >&5
configure:14640: $? = 0
configure:14662: result: yes
configure:14667: checking if g++ supports -c -o file.o
configure:14714: result: yes
configure:14744: checking whether the g++ linker (/Library/Developer/CommandLineTools/usr/bin/ld) supports shared libraries
configure:14784: result: yes
configure:14925: checking dynamic linker characteristics
configure:15670: result: darwin20.5.0 dyld
configure:15735: checking how to hardcode library paths into programs
configure:15760: result: immediate
configure:15830: checking for ANSI C header files
configure:15934: result: yes
configure:15943: Checking CppUnit
configure:15947: checking for cppunit-config
configure:15980: result: no
configure:15994: CppUnit not found... unittesting disabled. Please install CppUnit
configure:16004: Checking Boost::program_options
configure:16008: checking boost/program_options.hpp usability
configure:16008: g++ -c -O3  conftest.cpp >&5
configure:16008: $? = 0
configure:16008: result: yes
configure:16008: checking boost/program_options.hpp presence
configure:16008: g++ -E  conftest.cpp
configure:16008: $? = 0
configure:16008: result: yes
configure:16008: checking for boost/program_options.hpp
configure:16008: result: yes
configure:16013: Boost::program_options header files found on the system... compiling enabled
configure:16095: checking for main in -lm
configure:16114: g++ -o conftest -O3   conftest.cpp -lm   >&5
configure:16114: $? = 0
configure:16123: result: yes
configure:16134: checking for library containing main
configure:16159: g++ -o conftest -O3   conftest.cpp -lm  >&5
configure:16159: $? = 0
configure:16176: result: none required
configure:16181: Boost::program_options library file found on the system... compiling enabled
configure:16190: checking for an ANSI C-conforming const
configure:16256: g++ -c -O3  conftest.cpp >&5
configure:16256: $? = 0
configure:16263: result: yes
configure:16271: checking for inline
configure:16287: g++ -c -O3  conftest.cpp >&5
configure:16287: $? = 0
configure:16295: result: inline
configure:16425: checking that generated files are newer than configure
configure:16431: result: done
configure:16466: creating ./config.status

## ---------------------- ##
## Running config.status. ##
## ---------------------- ##

This file was extended by silix config.status 1.2.11, which was
generated by GNU Autoconf 2.69.  Invocation command line was

  CONFIG_FILES    = 
  CONFIG_HEADERS  = 
  CONFIG_LINKS    = 
  CONFIG_COMMANDS = 
  $ ./config.status 

on ohif01m003.dmawi.de

config.status:1159: creating Makefile
config.status:1159: creating libforest/Makefile
config.status:1159: creating libbuildfam/Makefile
config.status:1159: creating src/Makefile
config.status:1159: creating unittests/Makefile
config.status:1159: creating utils/Makefile
config.status:1159: creating doc/Makefile
config.status:1159: creating doc/man/Makefile
config.status:1159: creating config.h
config.status:1340: config.h is unchanged
config.status:1388: executing depfiles commands
config.status:1388: executing libtool commands

## ---------------- ##
## Cache variables. ##
## ---------------- ##

ac_cv_build=x86_64-apple-darwin20.5.0
ac_cv_c_compiler_gnu=yes
ac_cv_c_const=yes
ac_cv_c_inline=inline
ac_cv_cxx_compiler_gnu=yes
ac_cv_env_CCC_set=
ac_cv_env_CCC_value=
ac_cv_env_CC_set=
ac_cv_env_CC_value=
ac_cv_env_CFLAGS_set=
ac_cv_env_CFLAGS_value=
ac_cv_env_CPPFLAGS_set=
ac_cv_env_CPPFLAGS_value=
ac_cv_env_CPP_set=
ac_cv_env_CPP_value=
ac_cv_env_CXXCPP_set=
ac_cv_env_CXXCPP_value=
ac_cv_env_CXXFLAGS_set=
ac_cv_env_CXXFLAGS_value=
ac_cv_env_CXX_set=
ac_cv_env_CXX_value=
ac_cv_env_LDFLAGS_set=
ac_cv_env_LDFLAGS_value=
ac_cv_env_LIBS_set=
ac_cv_env_LIBS_value=
ac_cv_env_LT_SYS_LIBRARY_PATH_set=
ac_cv_env_LT_SYS_LIBRARY_PATH_value=
ac_cv_env_build_alias_set=
ac_cv_env_build_alias_value=
ac_cv_env_host_alias_set=
ac_cv_env_host_alias_value=
ac_cv_env_target_alias_set=
ac_cv_env_target_alias_value=
ac_cv_header_boost_program_options_hpp=yes
ac_cv_header_dlfcn_h=yes
ac_cv_header_inttypes_h=yes
ac_cv_header_memory_h=yes
ac_cv_header_stdc=yes
ac_cv_header_stdint_h=yes
ac_cv_header_stdlib_h=yes
ac_cv_header_string_h=yes
ac_cv_header_strings_h=yes
ac_cv_header_sys_stat_h=yes
ac_cv_header_sys_types_h=yes
ac_cv_header_unistd_h=yes
ac_cv_host=x86_64-apple-darwin20.5.0
ac_cv_lib_m_main=yes
ac_cv_objext=o
ac_cv_path_EGREP='/usr/bin/grep -E'
ac_cv_path_FGREP='/usr/bin/grep -F'
ac_cv_path_GREP=/usr/bin/grep
ac_cv_path_SED=/usr/bin/sed
ac_cv_path_install='/usr/local/bin/ginstall -c'
ac_cv_path_lt_DD=/bin/dd
ac_cv_path_mkdir=/usr/local/bin/gmkdir
ac_cv_prog_AWK=awk
ac_cv_prog_CPP='gcc -E'
ac_cv_prog_CXXCPP='g++ -E'
ac_cv_prog_ac_ct_AR=ar
ac_cv_prog_ac_ct_CC=gcc
ac_cv_prog_ac_ct_CXX=g++
ac_cv_prog_ac_ct_DSYMUTIL=dsymutil
ac_cv_prog_ac_ct_LIPO=lipo
ac_cv_prog_ac_ct_NMEDIT=nmedit
ac_cv_prog_ac_ct_OBJDUMP=objdump
ac_cv_prog_ac_ct_OTOOL=otool
ac_cv_prog_ac_ct_RANLIB=ranlib
ac_cv_prog_ac_ct_STRIP=strip
ac_cv_prog_cc_c89=
ac_cv_prog_cc_g=yes
ac_cv_prog_cxx_g=yes
ac_cv_prog_make_make_set=yes
ac_cv_search_main='none required'
am_cv_CC_dependencies_compiler_type=gcc3
am_cv_CXX_dependencies_compiler_type=gcc3
am_cv_make_support_nested_variables=yes
am_cv_prog_cc_c_o=yes
lt_cv_apple_cc_single_mod=yes
lt_cv_ar_at_file=no
lt_cv_deplibs_check_method=pass_all
lt_cv_file_magic_cmd='$MAGIC_CMD'
lt_cv_file_magic_test_file=
lt_cv_ld_exported_symbols_list=yes
lt_cv_ld_force_load=yes
lt_cv_ld_reload_flag=-r
lt_cv_nm_interface='BSD nm'
lt_cv_objdir=.libs
lt_cv_path_LD=/Library/Developer/CommandLineTools/usr/bin/ld
lt_cv_path_LDCXX=/Library/Developer/CommandLineTools/usr/bin/ld
lt_cv_path_NM='/usr/bin/nm -B'
lt_cv_path_mainfest_tool=no
lt_cv_prog_compiler_c_o=yes
lt_cv_prog_compiler_c_o_CXX=yes
lt_cv_prog_compiler_pic='-fno-common -DPIC'
lt_cv_prog_compiler_pic_CXX='-fno-common -DPIC'
lt_cv_prog_compiler_pic_works=yes
lt_cv_prog_compiler_pic_works_CXX=yes
lt_cv_prog_compiler_rtti_exceptions=yes
lt_cv_prog_compiler_static_works=no
lt_cv_prog_compiler_static_works_CXX=no
lt_cv_prog_gnu_ld=no
lt_cv_prog_gnu_ldcxx=no
lt_cv_sharedlib_from_linklib_cmd='printf %s\n'
lt_cv_sys_global_symbol_pipe='sed -n -e '\''s/^.*[	 ]\([BCDEGRST][BCDEGRST]*\)[	 ][	 ]*_\([_A-Za-z][_A-Za-z0-9]*\)$/\1 _\2 \2/p'\'' | sed '\''/ __gnu_lto/d'\'''
lt_cv_sys_global_symbol_to_c_name_address='sed -n -e '\''s/^: \(.*\) .*$/  {"\1", (void *) 0},/p'\'' -e '\''s/^[BCDEGRST][BCDEGRST]* .* \(.*\)$/  {"\1", (void *) \&\1},/p'\'''
lt_cv_sys_global_symbol_to_c_name_address_lib_prefix='sed -n -e '\''s/^: \(.*\) .*$/  {"\1", (void *) 0},/p'\'' -e '\''s/^[BCDEGRST][BCDEGRST]* .* \(lib.*\)$/  {"\1", (void *) \&\1},/p'\'' -e '\''s/^[BCDEGRST][BCDEGRST]* .* \(.*\)$/  {"lib\1", (void *) \&\1},/p'\'''
lt_cv_sys_global_symbol_to_cdecl='sed -n -e '\''s/^T .* \(.*\)$/extern int \1();/p'\'' -e '\''s/^[BCDEGRST][BCDEGRST]* .* \(.*\)$/extern char \1;/p'\'''
lt_cv_sys_global_symbol_to_import=
lt_cv_sys_max_cmd_len=786432
lt_cv_to_host_file_cmd=func_convert_file_noop
lt_cv_to_tool_file_cmd=func_convert_file_noop
lt_cv_truncate_bin='/bin/dd bs=4096 count=1'

## ----------------- ##
## Output variables. ##
## ----------------- ##

ACLOCAL='${SHELL} /Users/swohlrab/silix-1.2.11/missing aclocal-1.15'
AMDEPBACKSLASH='\'
AMDEP_FALSE='#'
AMDEP_TRUE=''
AMTAR='$${TAR-tar}'
AM_BACKSLASH='\'
AM_DEFAULT_V='$(AM_DEFAULT_VERBOSITY)'
AM_DEFAULT_VERBOSITY='1'
AM_V='$(V)'
AR='ar'
AUTOCONF='${SHELL} /Users/swohlrab/silix-1.2.11/missing autoconf'
AUTOHEADER='${SHELL} /Users/swohlrab/silix-1.2.11/missing autoheader'
AUTOMAKE='${SHELL} /Users/swohlrab/silix-1.2.11/missing automake-1.15'
AWK='awk'
CC='gcc'
CCDEPMODE='depmode=gcc3'
CFLAGS='-g -O2'
CPP='gcc -E'
CPPFLAGS=''
CPPUNITCONFIG=''
CPPUNIT_FALSE=''
CPPUNIT_TRUE='#'
CXX='g++'
CXXCPP='g++ -E'
CXXDEPMODE='depmode=gcc3'
CXXFLAGS='-O3'
CYGPATH_W='echo'
DEFS='-DHAVE_CONFIG_H'
DEPDIR='.deps'
DLLTOOL='false'
DSYMUTIL='dsymutil'
DUMPBIN=''
ECHO_C='\c'
ECHO_N=''
ECHO_T=''
EGREP='/usr/bin/grep -E'
EXEEXT=''
FGREP='/usr/bin/grep -F'
GREP='/usr/bin/grep'
INSTALL_DATA='${INSTALL} -m 644'
INSTALL_PROGRAM='${INSTALL}'
INSTALL_SCRIPT='${INSTALL}'
INSTALL_STRIP_PROGRAM='$(install_sh) -c -s'
LD='/Library/Developer/CommandLineTools/usr/bin/ld'
LDFLAGS=''
LIBOBJS=''
LIBS='-lm -lboost_program_options'
LIBTOOL='$(SHELL) $(top_builddir)/libtool'
LIPO='lipo'
LN_S='ln -s'
LTLIBOBJS=''
LT_SYS_LIBRARY_PATH=''
MAKEINFO='${SHELL} /Users/swohlrab/silix-1.2.11/missing makeinfo'
MANIFEST_TOOL=':'
MKDIR_P='/usr/local/bin/gmkdir -p'
MPI_FALSE=''
MPI_TRUE='#'
NM='/usr/bin/nm -B'
NMEDIT='nmedit'
OBJDUMP='objdump'
OBJEXT='o'
OTOOL64=':'
OTOOL='otool'
PACKAGE='silix'
PACKAGE_BUGREPORT=''
PACKAGE_NAME='silix'
PACKAGE_STRING='silix 1.2.11'
PACKAGE_TARNAME='silix'
PACKAGE_URL=''
PACKAGE_VERSION='1.2.11'
PATH_SEPARATOR=':'
RANLIB='ranlib'
SED='/usr/bin/sed'
SET_MAKE=''
SHELL='/bin/sh'
STRIP='strip'
VERSION='1.2.11'
ac_ct_AR='ar'
ac_ct_CC='gcc'
ac_ct_CXX='g++'
ac_ct_DUMPBIN=''
am__EXEEXT_FALSE=''
am__EXEEXT_TRUE='#'
am__fastdepCC_FALSE='#'
am__fastdepCC_TRUE=''
am__fastdepCXX_FALSE='#'
am__fastdepCXX_TRUE=''
am__include='include'
am__isrc=''
am__leading_dot='.'
am__nodep='_no'
am__quote=''
am__tar='$${TAR-tar} chof - "$$tardir"'
am__untar='$${TAR-tar} xf -'
bindir='${exec_prefix}/bin'
build='x86_64-apple-darwin20.5.0'
build_alias=''
build_cpu='x86_64'
build_os='darwin20.5.0'
build_vendor='apple'
datadir='${datarootdir}'
datarootdir='${prefix}/share'
docdir='${datarootdir}/doc/${PACKAGE_TARNAME}'
dvidir='${docdir}'
exec_prefix='${prefix}'
host='x86_64-apple-darwin20.5.0'
host_alias=''
host_cpu='x86_64'
host_os='darwin20.5.0'
host_vendor='apple'
htmldir='${docdir}'
includedir='${prefix}/include'
infodir='${datarootdir}/info'
install_sh='${SHELL} /Users/swohlrab/silix-1.2.11/install-sh'
libdir='${exec_prefix}/lib'
libexecdir='${exec_prefix}/libexec'
localedir='${datarootdir}/locale'
localstatedir='${prefix}/var'
mandir='${datarootdir}/man'
mkdir_p='$(MKDIR_P)'
oldincludedir='/usr/include'
pdfdir='${docdir}'
prefix='/usr/local'
program_transform_name='s,x,x,'
psdir='${docdir}'
sbindir='${exec_prefix}/sbin'
sharedstatedir='${prefix}/com'
sysconfdir='${prefix}/etc'
target_alias=''

## ----------- ##
## confdefs.h. ##
## ----------- ##

/* confdefs.h */
#define PACKAGE_NAME "silix"
#define PACKAGE_TARNAME "silix"
#define PACKAGE_VERSION "1.2.11"
#define PACKAGE_STRING "silix 1.2.11"
#define PACKAGE_BUGREPORT ""
#define PACKAGE_URL ""
#define PACKAGE "silix"
#define VERSION "1.2.11"
#define STDC_HEADERS 1
#define HAVE_SYS_TYPES_H 1
#define HAVE_SYS_STAT_H 1
#define HAVE_STDLIB_H 1
#define HAVE_STRING_H 1
#define HAVE_MEMORY_H 1
#define HAVE_STRINGS_H 1
#define HAVE_INTTYPES_H 1
#define HAVE_STDINT_H 1
#define HAVE_UNISTD_H 1
#define HAVE_DLFCN_H 1
#define LT_OBJDIR ".libs/"
#define STDC_HEADERS 1
#define HAVE_BOOST_PROGRAM_OPTIONS_HPP 1
#define HAVE_LIBM 1
#define HAVE_LIBBOOST_PROGRAM_OPTIONS 1

configure: exit 0
